<?xml version="1.0" encoding="UTF-8"?>
<!-- Generated by org.testng.reporters.JUnitXMLReporter -->
<testsuite ignored="0" hostname="Avinash" failures="1" tests="1" name="firefoxtest" time="24.047" errors="0" timestamp="2024-11-06T23:35:40 IST">
  <testcase classname="testCases.Tc003_LoginDDT" name="verify_loginDDT" time="0.0">
    <failure type="java.lang.RuntimeException" message="java.io.FileNotFoundException: .\Opencart121\testdata\datadrivenopencart.xlsx (The system cannot find the path specified)">
      <![CDATA[java.lang.RuntimeException: java.io.FileNotFoundException: .\Opencart121\testdata\datadrivenopencart.xlsx (The system cannot find the path specified)
at java.base/java.util.ArrayList.forEach(ArrayList.java:1597)
at java.base/java.util.concurrent.FutureTask.run(FutureTask.java:317)
at java.base/java.util.concurrent.ThreadPoolExecutor.runWorker(ThreadPoolExecutor.java:1144)
at java.base/java.util.concurrent.ThreadPoolExecutor$Worker.run(ThreadPoolExecutor.java:642)
at java.base/java.lang.Thread.run(Thread.java:1570)
Caused by: java.io.FileNotFoundException: .\Opencart121\testdata\datadrivenopencart.xlsx (The system cannot find the path specified)
at java.base/java.io.FileInputStream.open0(Native Method)
at java.base/java.io.FileInputStream.open(FileInputStream.java:213)
at java.base/java.io.FileInputStream.<init>(FileInputStream.java:152)
at java.base/java.io.FileInputStream.<init>(FileInputStream.java:106)
at utilities.ExcelUtility.getRowCount(ExcelUtility.java:34)
at utilities.DataProvider1.getData(DataProvider1.java:16)
... 19 more
... Removed 20 stack frames]]>
    </failure>
  </testcase> <!-- verify_loginDDT -->
</testsuite> <!-- firefoxtest -->
